# JRE version: OpenJDK Runtime Environment Temurin-17.0.7+7 (17.0.7+7) (build 17.0.7+7)
# Java VM: OpenJDK 64-Bit Server VM Temurin-17.0.7+7 (17.0.7+7, mixed mode, tiered, compressed oops, compressed class ptrs, parallel gc, windows-amd64)
GC Precious Log:
 CPUs: 8 total, 8 available
 Memory: 16325M
 Large Page Support: Disabled
 NUMA Support: Disabled
 Compressed Oops: Enabled (32-bit)
 Alignments: Space 512K, Generation 512K, Heap 2M
 Heap Min Capacity: 100M
 Heap Initial Capacity: 100M
 Heap Max Capacity: 1G
 Pre-touch: Disabled
 Parallel Workers: 8
Heap:
 PSYoungGen      total 4608K, used 4320K [0x00000000eab00000, 0x00000000eb000000, 0x0000000100000000)
  eden space 4096K, 100% used [0x00000000eab00000,0x00000000eaf00000,0x00000000eaf00000)
  from space 512K, 43% used [0x00000000eaf80000,0x00000000eafb8000,0x00000000eb000000)
  to   space 512K, 100% used [0x00000000eaf00000,0x00000000eaf80000,0x00000000eaf80000)
 ParOldGen       total 201216K, used 178859K [0x00000000c0000000, 0x00000000cc480000, 0x00000000eab00000)
  object space 201216K, 88% used [0x00000000c0000000,0x00000000caeaae80,0x00000000cc480000)
 Metaspace       used 94515K, committed 95552K, reserved 1179648K
  class space    used 9170K, committed 9664K, reserved 1048576K
GC Heap History (20 events):
Event: 8873.050 GC heap after
{Heap after GC invocations=27494 (full 635):
 PSYoungGen      total 4096K, used 1195K [0x00000000eab00000, 0x00000000eb100000, 0x0000000100000000)
  eden space 2560K, 0% used [0x00000000eab00000,0x00000000eab00000,0x00000000ead80000)
  from space 1536K, 77% used [0x00000000ead80000,0x00000000eaeaae30,0x00000000eaf00000)
  to   space 1536K, 0% used [0x00000000eaf80000,0x00000000eaf80000,0x00000000eb100000)
 ParOldGen       total 201216K, used 173758K [0x00000000c0000000, 0x00000000cc480000, 0x00000000eab00000)
  object space 201216K, 86% used [0x00000000c0000000,0x00000000ca9afaf0,0x00000000cc480000)
 Metaspace       used 94515K, committed 95552K, reserved 1179648K
  class space    used 9170K, committed 9664K, reserved 1048576K
}
Event: 8873.061 GC heap before
{Heap before GC invocations=27495 (full 635):
 PSYoungGen      total 4096K, used 3755K [0x00000000eab00000, 0x00000000eb100000, 0x0000000100000000)
  eden space 2560K, 100% used [0x00000000eab00000,0x00000000ead80000,0x00000000ead80000)
  from space 1536K, 77% used [0x00000000ead80000,0x00000000eaeaae30,0x00000000eaf00000)
  to   space 1536K, 0% used [0x00000000eaf80000,0x00000000eaf80000,0x00000000eb100000)
 ParOldGen       total 201216K, used 173758K [0x00000000c0000000, 0x00000000cc480000, 0x00000000eab00000)
  object space 201216K, 86% used [0x00000000c0000000,0x00000000ca9afaf0,0x00000000cc480000)
 Metaspace       used 94515K, committed 95552K, reserved 1179648K
  class space    used 9170K, committed 9664K, reserved 1048576K
}
Event: 8873.062 GC heap after
{Heap after GC invocations=27495 (full 635):
 PSYoungGen      total 4096K, used 848K [0x00000000eab00000, 0x00000000eb080000, 0x0000000100000000)
  eden space 3072K, 0% used [0x00000000eab00000,0x00000000eab00000,0x00000000eae00000)
  from space 1024K, 82% used [0x00000000eaf80000,0x00000000eb054010,0x00000000eb080000)
  to   space 1024K, 0% used [0x00000000eae80000,0x00000000eae80000,0x00000000eaf80000)
 ParOldGen       total 201216K, used 174659K [0x00000000c0000000, 0x00000000cc480000, 0x00000000eab00000)
  object space 201216K, 86% used [0x00000000c0000000,0x00000000caa90d90,0x00000000cc480000)
 Metaspace       used 94515K, committed 95552K, reserved 1179648K
  class space    used 9170K, committed 9664K, reserved 1048576K
}
Event: 8873.072 GC heap before
{Heap before GC invocations=27496 (full 635):
 PSYoungGen      total 4096K, used 3904K [0x00000000eab00000, 0x00000000eb080000, 0x0000000100000000)
  eden space 3072K, 99% used [0x00000000eab00000,0x00000000eadfc108,0x00000000eae00000)
  from space 1024K, 82% used [0x00000000eaf80000,0x00000000eb054010,0x00000000eb080000)
  to   space 1024K, 0% used [0x00000000eae80000,0x00000000eae80000,0x00000000eaf80000)
 ParOldGen       total 201216K, used 174659K [0x00000000c0000000, 0x00000000cc480000, 0x00000000eab00000)
  object space 201216K, 86% used [0x00000000c0000000,0x00000000caa90d90,0x00000000cc480000)
 Metaspace       used 94515K, committed 95552K, reserved 1179648K
  class space    used 9170K, committed 9664K, reserved 1048576K
}
Event: 8873.073 GC heap after
{Heap after GC invocations=27496 (full 635):
 PSYoungGen      total 4608K, used 720K [0x00000000eab00000, 0x00000000eb100000, 0x0000000100000000)
  eden space 3584K, 0% used [0x00000000eab00000,0x00000000eab00000,0x00000000eae80000)
  from space 1024K, 70% used [0x00000000eae80000,0x00000000eaf34010,0x00000000eaf80000)
  to   space 1024K, 0% used [0x00000000eb000000,0x00000000eb000000,0x00000000eb100000)
 ParOldGen       total 201216K, used 175388K [0x00000000c0000000, 0x00000000cc480000, 0x00000000eab00000)
  object space 201216K, 87% used [0x00000000c0000000,0x00000000cab47240,0x00000000cc480000)
 Metaspace       used 94515K, committed 95552K, reserved 1179648K
  class space    used 9170K, committed 9664K, reserved 1048576K
}
Event: 8873.084 GC heap before
{Heap before GC invocations=27497 (full 635):
 PSYoungGen      total 4608K, used 4304K [0x00000000eab00000, 0x00000000eb100000, 0x0000000100000000)
  eden space 3584K, 100% used [0x00000000eab00000,0x00000000eae80000,0x00000000eae80000)
  from space 1024K, 70% used [0x00000000eae80000,0x00000000eaf34010,0x00000000eaf80000)
  to   space 1024K, 0% used [0x00000000eb000000,0x00000000eb000000,0x00000000eb100000)
 ParOldGen       total 201216K, used 175388K [0x00000000c0000000, 0x00000000cc480000, 0x00000000eab00000)
  object space 201216K, 87% used [0x00000000c0000000,0x00000000cab47240,0x00000000cc480000)
 Metaspace       used 94515K, committed 95552K, reserved 1179648K
  class space    used 9170K, committed 9664K, reserved 1048576K
}
Event: 8873.086 GC heap after
{Heap after GC invocations=27497 (full 635):
 PSYoungGen      total 3584K, used 1000K [0x00000000eab00000, 0x00000000eb480000, 0x0000000100000000)
  eden space 2560K, 0% used [0x00000000eab00000,0x00000000eab00000,0x00000000ead80000)
  from space 1024K, 97% used [0x00000000eb000000,0x00000000eb0fa118,0x00000000eb100000)
  to   space 2560K, 0% used [0x00000000ead80000,0x00000000ead80000,0x00000000eb000000)
 ParOldGen       total 201216K, used 176523K [0x00000000c0000000, 0x00000000cc480000, 0x00000000eab00000)
  object space 201216K, 87% used [0x00000000c0000000,0x00000000cac62d50,0x00000000cc480000)
 Metaspace       used 94515K, committed 95552K, reserved 1179648K
  class space    used 9170K, committed 9664K, reserved 1048576K
}
Event: 8873.094 GC heap before
{Heap before GC invocations=27498 (full 635):
 PSYoungGen      total 3584K, used 3560K [0x00000000eab00000, 0x00000000eb480000, 0x0000000100000000)
  eden space 2560K, 100% used [0x00000000eab00000,0x00000000ead80000,0x00000000ead80000)
  from space 1024K, 97% used [0x00000000eb000000,0x00000000eb0fa118,0x00000000eb100000)
  to   space 2560K, 0% used [0x00000000ead80000,0x00000000ead80000,0x00000000eb000000)
 ParOldGen       total 201216K, used 176523K [0x00000000c0000000, 0x00000000cc480000, 0x00000000eab00000)
  object space 201216K, 87% used [0x00000000c0000000,0x00000000cac62d50,0x00000000cc480000)
 Metaspace       used 94515K, committed 95552K, reserved 1179648K
  class space    used 9170K, committed 9664K, reserved 1048576K
}
Event: 8873.095 GC heap after
{Heap after GC invocations=27498 (full 635):
 PSYoungGen      total 3072K, used 288K [0x00000000eab00000, 0x00000000eb080000, 0x0000000100000000)
  eden space 2560K, 0% used [0x00000000eab00000,0x00000000eab00000,0x00000000ead80000)
  from space 512K, 56% used [0x00000000ead80000,0x00000000eadc8000,0x00000000eae00000)
  to   space 1024K, 0% used [0x00000000eaf80000,0x00000000eaf80000,0x00000000eb080000)
 ParOldGen       total 201216K, used 177553K [0x00000000c0000000, 0x00000000cc480000, 0x00000000eab00000)
  object space 201216K, 88% used [0x00000000c0000000,0x00000000cad64420,0x00000000cc480000)
 Metaspace       used 94515K, committed 95552K, reserved 1179648K
  class space    used 9170K, committed 9664K, reserved 1048576K
}
Event: 8873.104 GC heap before
{Heap before GC invocations=27499 (full 635):
 PSYoungGen      total 3072K, used 2848K [0x00000000eab00000, 0x00000000eb080000, 0x0000000100000000)
  eden space 2560K, 100% used [0x00000000eab00000,0x00000000ead80000,0x00000000ead80000)
  from space 512K, 56% used [0x00000000ead80000,0x00000000eadc8000,0x00000000eae00000)
  to   space 1024K, 0% used [0x00000000eaf80000,0x00000000eaf80000,0x00000000eb080000)
 ParOldGen       total 201216K, used 177553K [0x00000000c0000000, 0x00000000cc480000, 0x00000000eab00000)
  object space 201216K, 88% used [0x00000000c0000000,0x00000000cad64420,0x00000000cc480000)
 Metaspace       used 94515K, committed 95552K, reserved 1179648K
  class space    used 9170K, committed 9664K, reserved 1048576K
}
Event: 8873.105 GC heap after
{Heap after GC invocations=27499 (full 635):
 PSYoungGen      total 3584K, used 288K [0x00000000eab00000, 0x00000000eb000000, 0x0000000100000000)
  eden space 3072K, 0% used [0x00000000eab00000,0x00000000eab00000,0x00000000eae00000)
  from space 512K, 56% used [0x00000000eaf80000,0x00000000eafc8000,0x00000000eb000000)
  to   space 512K, 0% used [0x00000000eaf00000,0x00000000eaf00000,0x00000000eaf80000)
 ParOldGen       total 201216K, used 177663K [0x00000000c0000000, 0x00000000cc480000, 0x00000000eab00000)
  object space 201216K, 88% used [0x00000000c0000000,0x00000000cad7fef0,0x00000000cc480000)
 Metaspace       used 94515K, committed 95552K, reserved 1179648K
  class space    used 9170K, committed 9664K, reserved 1048576K
}
Event: 8873.116 GC heap before
{Heap before GC invocations=27500 (full 635):
 PSYoungGen      total 3584K, used 3360K [0x00000000eab00000, 0x00000000eb000000, 0x0000000100000000)
  eden space 3072K, 100% used [0x00000000eab00000,0x00000000eae00000,0x00000000eae00000)
  from space 512K, 56% used [0x00000000eaf80000,0x00000000eafc8000,0x00000000eb000000)
  to   space 512K, 0% used [0x00000000eaf00000,0x00000000eaf00000,0x00000000eaf80000)
 ParOldGen       total 201216K, used 177663K [0x00000000c0000000, 0x00000000cc480000, 0x00000000eab00000)
  object space 201216K, 88% used [0x00000000c0000000,0x00000000cad7fef0,0x00000000cc480000)
 Metaspace       used 94515K, committed 95552K, reserved 1179648K
  class space    used 9170K, committed 9664K, reserved 1048576K
}
Event: 8873.118 GC heap after
{Heap after GC invocations=27500 (full 635):
 PSYoungGen      total 4608K, used 224K [0x00000000eab00000, 0x00000000eb000000, 0x0000000100000000)
  eden space 4096K, 0% used [0x00000000eab00000,0x00000000eab00000,0x00000000eaf00000)
  from space 512K, 43% used [0x00000000eaf00000,0x00000000eaf38000,0x00000000eaf80000)
  to   space 512K, 0% used [0x00000000eaf80000,0x00000000eaf80000,0x00000000eb000000)
 ParOldGen       total 201216K, used 177833K [0x00000000c0000000, 0x00000000cc480000, 0x00000000eab00000)
  object space 201216K, 88% used [0x00000000c0000000,0x00000000cadaa730,0x00000000cc480000)
 Metaspace       used 94515K, committed 95552K, reserved 1179648K
  class space    used 9170K, committed 9664K, reserved 1048576K
}
Event: 8873.130 GC heap before
{Heap before GC invocations=27501 (full 635):
 PSYoungGen      total 4608K, used 4320K [0x00000000eab00000, 0x00000000eb000000, 0x0000000100000000)
  eden space 4096K, 100% used [0x00000000eab00000,0x00000000eaf00000,0x00000000eaf00000)
  from space 512K, 43% used [0x00000000eaf00000,0x00000000eaf38000,0x00000000eaf80000)
  to   space 512K, 0% used [0x00000000eaf80000,0x00000000eaf80000,0x00000000eb000000)
 ParOldGen       total 201216K, used 177833K [0x00000000c0000000, 0x00000000cc480000, 0x00000000eab00000)
  object space 201216K, 88% used [0x00000000c0000000,0x00000000cadaa730,0x00000000cc480000)
 Metaspace       used 94515K, committed 95552K, reserved 1179648K
  class space    used 9170K, committed 9664K, reserved 1048576K
}
Event: 8873.132 GC heap after
{Heap after GC invocations=27501 (full 635):
 PSYoungGen      total 4608K, used 256K [0x00000000eab00000, 0x00000000eb000000, 0x0000000100000000)
  eden space 4096K, 0% used [0x00000000eab00000,0x00000000eab00000,0x00000000eaf00000)
  from space 512K, 50% used [0x00000000eaf80000,0x00000000eafc0000,0x00000000eb000000)
  to   space 512K, 0% used [0x00000000eaf00000,0x00000000eaf00000,0x00000000eaf80000)
 ParOldGen       total 201216K, used 177873K [0x00000000c0000000, 0x00000000cc480000, 0x00000000eab00000)
  object space 201216K, 88% used [0x00000000c0000000,0x00000000cadb4730,0x00000000cc480000)
 Metaspace       used 94515K, committed 95552K, reserved 1179648K
  class space    used 9170K, committed 9664K, reserved 1048576K
}
Event: 8873.148 GC heap before
{Heap before GC invocations=27502 (full 635):
 PSYoungGen      total 4608K, used 4352K [0x00000000eab00000, 0x00000000eb000000, 0x0000000100000000)
  eden space 4096K, 100% used [0x00000000eab00000,0x00000000eaf00000,0x00000000eaf00000)
  from space 512K, 50% used [0x00000000eaf80000,0x00000000eafc0000,0x00000000eb000000)
  to   space 512K, 0% used [0x00000000eaf00000,0x00000000eaf00000,0x00000000eaf80000)
 ParOldGen       total 201216K, used 177873K [0x00000000c0000000, 0x00000000cc480000, 0x00000000eab00000)
  object space 201216K, 88% used [0x00000000c0000000,0x00000000cadb4730,0x00000000cc480000)
 Metaspace       used 94515K, committed 95552K, reserved 1179648K
  class space    used 9170K, committed 9664K, reserved 1048576K
}
Event: 8873.149 GC heap after
{Heap after GC invocations=27502 (full 635):
 PSYoungGen      total 4608K, used 224K [0x00000000eab00000, 0x00000000eb000000, 0x0000000100000000)
  eden space 4096K, 0% used [0x00000000eab00000,0x00000000eab00000,0x00000000eaf00000)
  from space 512K, 43% used [0x00000000eaf00000,0x00000000eaf38000,0x00000000eaf80000)
  to   space 512K, 0% used [0x00000000eaf80000,0x00000000eaf80000,0x00000000eb000000)
 ParOldGen       total 201216K, used 177921K [0x00000000c0000000, 0x00000000cc480000, 0x00000000eab00000)
  object space 201216K, 88% used [0x00000000c0000000,0x00000000cadc0730,0x00000000cc480000)
 Metaspace       used 94515K, committed 95552K, reserved 1179648K
  class space    used 9170K, committed 9664K, reserved 1048576K
}
Event: 8873.602 GC heap before
{Heap before GC invocations=27503 (full 635):
 PSYoungGen      total 4608K, used 4320K [0x00000000eab00000, 0x00000000eb000000, 0x0000000100000000)
  eden space 4096K, 100% used [0x00000000eab00000,0x00000000eaf00000,0x00000000eaf00000)
  from space 512K, 43% used [0x00000000eaf00000,0x00000000eaf38000,0x00000000eaf80000)
  to   space 512K, 0% used [0x00000000eaf80000,0x00000000eaf80000,0x00000000eb000000)
 ParOldGen       total 201216K, used 177921K [0x00000000c0000000, 0x00000000cc480000, 0x00000000eab00000)
  object space 201216K, 88% used [0x00000000c0000000,0x00000000cadc0730,0x00000000cc480000)
 Metaspace       used 94515K, committed 95552K, reserved 1179648K
  class space    used 9170K, committed 9664K, reserved 1048576K
}
Event: 8873.603 GC heap after
{Heap after GC invocations=27503 (full 635):
 PSYoungGen      total 4608K, used 224K [0x00000000eab00000, 0x00000000eb000000, 0x0000000100000000)
  eden space 4096K, 0% used [0x00000000eab00000,0x00000000eab00000,0x00000000eaf00000)
  from space 512K, 43% used [0x00000000eaf80000,0x00000000eafb8000,0x00000000eb000000)
  to   space 512K, 0% used [0x00000000eaf00000,0x00000000eaf00000,0x00000000eaf80000)
 ParOldGen       total 201216K, used 177969K [0x00000000c0000000, 0x00000000cc480000, 0x00000000eab00000)
  object space 201216K, 88% used [0x00000000c0000000,0x00000000cadcc730,0x00000000cc480000)
 Metaspace       used 94515K, committed 95552K, reserved 1179648K
  class space    used 9170K, committed 9664K, reserved 1048576K
}
Event: 8873.618 GC heap before
{Heap before GC invocations=27504 (full 635):
 PSYoungGen      total 4608K, used 4320K [0x00000000eab00000, 0x00000000eb000000, 0x0000000100000000)
  eden space 4096K, 100% used [0x00000000eab00000,0x00000000eaf00000,0x00000000eaf00000)
  from space 512K, 43% used [0x00000000eaf80000,0x00000000eafb8000,0x00000000eb000000)
  to   space 512K, 0% used [0x00000000eaf00000,0x00000000eaf00000,0x00000000eaf80000)
 ParOldGen       total 201216K, used 177969K [0x00000000c0000000, 0x00000000cc480000, 0x00000000eab00000)
  object space 201216K, 88% used [0x00000000c0000000,0x00000000cadcc730,0x00000000cc480000)
 Metaspace       used 94515K, committed 95552K, reserved 1179648K
  class space    used 9170K, committed 9664K, reserved 1048576K
}

